0.090968
0.053571
0.047419
0.044665
0.043101
0.042093
0.041392
0.040876
0.040481
0.040170
0.039920
0.039714
0.039542
0.039396
0.039271
0.039163
0.039069
0.038986
0.038913
0.038848
0.038790
0.038738
0.038690
0.038648
0.038609
0.038573
0.038541
0.038511
0.038483
0.038458
0.038434
0.038413
0.038392
0.038374
0.038356
0.038340
0.038324
0.038310
0.038297
0.038284
0.038272
0.038261
0.038250
0.038241
0.038231
0.038222
0.038214
0.038206
0.038198
0.038191
0.038184
0.038178
0.038172
0.038166
0.038160
0.038155
0.038150
0.038145
0.038140
0.038136
0.038132
0.038128
0.038124
0.038120
0.038117
0.038113
0.038110
0.038107
0.038104
0.038101
0.038098
0.038096
0.038093
0.038091
0.038088
0.038086
0.038084
0.038082
0.038080
0.038078
0.038076
0.038074
0.038072
0.038071
0.038069
0.038067
0.038066
0.038064
0.038063
0.038062
0.038060
0.038059
0.038058
0.038057
0.038055
0.038054
0.038053
0.038052
0.038051
0.038050
